<?xml version="1.0" encoding="UTF-8"?>
<!-- Generated by org.testng.reporters.JUnitReportReporter -->
<testsuite name="NTRunner.VSERunner" tests="3" time="562.326" ignored="0" failures="0" timestamp="21 Feb 2020 08:38:17 GMT" skipped="0" hostname="ESL-DPC-0012" errors="0">
  <testcase name="feature" time="20.403" classname="NTRunner.VSERunner"/>
  <testcase name="feature" time="1.233" classname="NTRunner.VSERunner"/>
  <testcase name="feature" time="540.690" classname="NTRunner.VSERunner"/>
</testsuite> <!-- NTRunner.VSERunner -->
