<?xml version="1.0" encoding="UTF-8"?>
<!-- Generated by org.testng.reporters.JUnitReportReporter -->
<testsuite skipped="0" hostname="TGS-DPC-2532" name="NTRunner.VSERunner" tests="3" failures="0" timestamp="17 Jan 2020 10:01:43 GMT" time="34.412" errors="0">
  <testcase name="feature" time="23.426" classname="NTRunner.VSERunner"/>
  <testcase name="feature" time="1.937" classname="NTRunner.VSERunner"/>
  <testcase name="feature" time="9.049" classname="NTRunner.VSERunner"/>
</testsuite> <!-- NTRunner.VSERunner -->
